<?xml version="1.0" encoding="UTF-8"?>
<!-- Generated by org.testng.reporters.JUnitXMLReporter -->
<testsuite ignored="0" hostname="DESKTOP-A38OF1V" failures="0" tests="4" name="Surefire test" time="9.342" errors="0" timestamp="2023-07-21T16:05:42 EDT">
  <testcase classname="api.test.UserTests" name="testPostUser" time="7.546"/>
  <testcase classname="api.test.UserTests" name="testGetUserByName" time="0.268"/>
  <testcase classname="api.test.UserTests" name="testUpdateUser" time="0.371"/>
  <testcase classname="api.test.UserTests" name="testDeleteUser" time="0.185"/>
</testsuite> <!-- Surefire test -->
