<?xml version="1.0" encoding="UTF-8"?>
<!-- Generated by org.testng.reporters.JUnitXMLReporter -->
<testsuite ignored="0" hostname="DESKTOP-A38OF1V" failures="0" tests="4" name="Default test" time="4.233" errors="0" timestamp="2023-07-21T14:09:06 EDT">
  <testcase classname="api.test.UserTests" name="testPostUser" time="3.086"/>
  <testcase classname="api.test.UserTests" name="testGetUserByName" time="0.21"/>
  <testcase classname="api.test.UserTests" name="testUpdateUser" time="0.339"/>
  <testcase classname="api.test.UserTests" name="testDeleteUser" time="0.173"/>
</testsuite> <!-- Default test -->
