<?xml version="1.0" encoding="UTF-8"?>
<testng-results ignored="0" total="4" passed="4" failed="0" skipped="0">
  <reporter-output>
  </reporter-output>
  <suite started-at="2023-07-21T16:05:32 EDT" name="Surefire suite" finished-at="2023-07-21T16:05:42 EDT" duration-ms="9342">
    <groups>
    </groups>
    <test started-at="2023-07-21T16:05:32 EDT" name="Surefire test" finished-at="2023-07-21T16:05:42 EDT" duration-ms="9342">
      <class name="api.test.UserTests">
        <test-method is-config="true" signature="setupData()[pri:0, instance:api.test.UserTests@670002]" started-at="2023-07-21T16:05:32 EDT" name="setupData" finished-at="2023-07-21T16:05:33 EDT" duration-ms="805" status="PASS">
          <reporter-output>
          </reporter-output>
        </test-method> <!-- setupData -->
        <test-method signature="testPostUser()[pri:1, instance:api.test.UserTests@670002]" started-at="2023-07-21T16:05:33 EDT" name="testPostUser" finished-at="2023-07-21T16:05:41 EDT" duration-ms="7546" status="PASS">
          <reporter-output>
          </reporter-output>
        </test-method> <!-- testPostUser -->
        <test-method signature="testGetUserByName()[pri:2, instance:api.test.UserTests@670002]" started-at="2023-07-21T16:05:41 EDT" name="testGetUserByName" finished-at="2023-07-21T16:05:41 EDT" duration-ms="268" status="PASS">
          <reporter-output>
          </reporter-output>
        </test-method> <!-- testGetUserByName -->
        <test-method signature="testUpdateUser()[pri:3, instance:api.test.UserTests@670002]" started-at="2023-07-21T16:05:41 EDT" name="testUpdateUser" finished-at="2023-07-21T16:05:41 EDT" duration-ms="371" status="PASS">
          <reporter-output>
          </reporter-output>
        </test-method> <!-- testUpdateUser -->
        <test-method signature="testDeleteUser()[pri:4, instance:api.test.UserTests@670002]" started-at="2023-07-21T16:05:41 EDT" name="testDeleteUser" finished-at="2023-07-21T16:05:42 EDT" duration-ms="185" status="PASS">
          <reporter-output>
          </reporter-output>
        </test-method> <!-- testDeleteUser -->
      </class> <!-- api.test.UserTests -->
    </test> <!-- Surefire test -->
  </suite> <!-- Surefire suite -->
</testng-results>
