<?xml version="1.0" encoding="UTF-8"?>
<testng-results ignored="0" total="4" passed="4" failed="0" skipped="0">
  <reporter-output>
  </reporter-output>
  <suite started-at="2023-07-21T14:09:01 EDT" name="Default suite" finished-at="2023-07-21T14:09:06 EDT" duration-ms="4233">
    <groups>
    </groups>
    <test started-at="2023-07-21T14:09:01 EDT" name="Default test" finished-at="2023-07-21T14:09:06 EDT" duration-ms="4233">
      <class name="api.test.UserTests">
        <test-method is-config="true" signature="setupData()[pri:0, instance:api.test.UserTests@2794eab6]" started-at="2023-07-21T14:09:01 EDT" name="setupData" finished-at="2023-07-21T14:09:02 EDT" duration-ms="319" status="PASS">
          <reporter-output>
          </reporter-output>
        </test-method> <!-- setupData -->
        <test-method signature="testPostUser()[pri:1, instance:api.test.UserTests@2794eab6]" started-at="2023-07-21T14:09:02 EDT" name="testPostUser" finished-at="2023-07-21T14:09:05 EDT" duration-ms="3086" status="PASS">
          <reporter-output>
          </reporter-output>
        </test-method> <!-- testPostUser -->
        <test-method signature="testGetUserByName()[pri:2, instance:api.test.UserTests@2794eab6]" started-at="2023-07-21T14:09:05 EDT" name="testGetUserByName" finished-at="2023-07-21T14:09:05 EDT" duration-ms="210" status="PASS">
          <reporter-output>
          </reporter-output>
        </test-method> <!-- testGetUserByName -->
        <test-method signature="testUpdateUser()[pri:3, instance:api.test.UserTests@2794eab6]" started-at="2023-07-21T14:09:05 EDT" name="testUpdateUser" finished-at="2023-07-21T14:09:05 EDT" duration-ms="339" status="PASS">
          <reporter-output>
          </reporter-output>
        </test-method> <!-- testUpdateUser -->
        <test-method signature="testDeleteUser()[pri:4, instance:api.test.UserTests@2794eab6]" started-at="2023-07-21T14:09:05 EDT" name="testDeleteUser" finished-at="2023-07-21T14:09:06 EDT" duration-ms="173" status="PASS">
          <reporter-output>
          </reporter-output>
        </test-method> <!-- testDeleteUser -->
      </class> <!-- api.test.UserTests -->
    </test> <!-- Default test -->
  </suite> <!-- Default suite -->
</testng-results>
